C:\Users\user\source\repos\breeze_render_engine\x64\Debug\\Qt6Cored.dll
C:\Users\user\source\repos\breeze_render_engine\x64\Debug\\Qt6Guid.dll
C:\Users\user\source\repos\breeze_render_engine\x64\Debug\\Qt6OpenGLd.dll
C:\Users\user\source\repos\breeze_render_engine\x64\Debug\\Qt6OpenGLWidgetsd.dll
C:\Users\user\source\repos\breeze_render_engine\x64\Debug\\Qt6Svgd.dll
C:\Users\user\source\repos\breeze_render_engine\x64\Debug\\Qt6Widgetsd.dll
C:\Users\user\source\repos\breeze_render_engine\x64\Debug\\opengl32sw.dll
C:\Users\user\source\repos\breeze_render_engine\x64\Debug\\D3Dcompiler_47.dll
C:\Users\user\source\repos\breeze_render_engine\x64\Debug\\concrt140d.dll
C:\Users\user\source\repos\breeze_render_engine\x64\Debug\\msvcp140_1d.dll
C:\Users\user\source\repos\breeze_render_engine\x64\Debug\\msvcp140_2d.dll
C:\Users\user\source\repos\breeze_render_engine\x64\Debug\\msvcp140d.dll
C:\Users\user\source\repos\breeze_render_engine\x64\Debug\\msvcp140d_atomic_wait.dll
C:\Users\user\source\repos\breeze_render_engine\x64\Debug\\msvcp140d_codecvt_ids.dll
C:\Users\user\source\repos\breeze_render_engine\x64\Debug\\vccorlib140d.dll
C:\Users\user\source\repos\breeze_render_engine\x64\Debug\\vcruntime140_1d.dll
C:\Users\user\source\repos\breeze_render_engine\x64\Debug\\vcruntime140d.dll
C:\Users\user\source\repos\breeze_render_engine\x64\Debug\iconengines\qsvgicond.dll
C:\Users\user\source\repos\breeze_render_engine\x64\Debug\imageformats\qgifd.dll
C:\Users\user\source\repos\breeze_render_engine\x64\Debug\imageformats\qicod.dll
C:\Users\user\source\repos\breeze_render_engine\x64\Debug\imageformats\qjpegd.dll
C:\Users\user\source\repos\breeze_render_engine\x64\Debug\imageformats\qsvgd.dll
C:\Users\user\source\repos\breeze_render_engine\x64\Debug\platforms\qwindowsd.dll
C:\Users\user\source\repos\breeze_render_engine\x64\Debug\styles\qwindowsvistastyled.dll
C:\Users\user\source\repos\breeze_render_engine\x64\Debug\translations\qt_ar.qm
C:\Users\user\source\repos\breeze_render_engine\x64\Debug\translations\qtbase_ar.qm
C:\Users\user\source\repos\breeze_render_engine\x64\Debug\translations\qt_bg.qm
C:\Users\user\source\repos\breeze_render_engine\x64\Debug\translations\qtbase_bg.qm
C:\Users\user\source\repos\breeze_render_engine\x64\Debug\translations\qt_ca.qm
C:\Users\user\source\repos\breeze_render_engine\x64\Debug\translations\qtbase_ca.qm
C:\Users\user\source\repos\breeze_render_engine\x64\Debug\translations\qt_cs.qm
C:\Users\user\source\repos\breeze_render_engine\x64\Debug\translations\qtbase_cs.qm
C:\Users\user\source\repos\breeze_render_engine\x64\Debug\translations\qt_da.qm
C:\Users\user\source\repos\breeze_render_engine\x64\Debug\translations\qtbase_da.qm
C:\Users\user\source\repos\breeze_render_engine\x64\Debug\translations\qt_de.qm
C:\Users\user\source\repos\breeze_render_engine\x64\Debug\translations\qtbase_de.qm
C:\Users\user\source\repos\breeze_render_engine\x64\Debug\translations\qt_en.qm
C:\Users\user\source\repos\breeze_render_engine\x64\Debug\translations\qtbase_en.qm
C:\Users\user\source\repos\breeze_render_engine\x64\Debug\translations\qt_es.qm
C:\Users\user\source\repos\breeze_render_engine\x64\Debug\translations\qtbase_es.qm
C:\Users\user\source\repos\breeze_render_engine\x64\Debug\translations\qt_fa.qm
C:\Users\user\source\repos\breeze_render_engine\x64\Debug\translations\qtbase_fa.qm
C:\Users\user\source\repos\breeze_render_engine\x64\Debug\translations\qt_fi.qm
C:\Users\user\source\repos\breeze_render_engine\x64\Debug\translations\qtbase_fi.qm
C:\Users\user\source\repos\breeze_render_engine\x64\Debug\translations\qt_fr.qm
C:\Users\user\source\repos\breeze_render_engine\x64\Debug\translations\qtbase_fr.qm
C:\Users\user\source\repos\breeze_render_engine\x64\Debug\translations\qt_gd.qm
C:\Users\user\source\repos\breeze_render_engine\x64\Debug\translations\qtbase_gd.qm
C:\Users\user\source\repos\breeze_render_engine\x64\Debug\translations\qt_he.qm
C:\Users\user\source\repos\breeze_render_engine\x64\Debug\translations\qtbase_he.qm
C:\Users\user\source\repos\breeze_render_engine\x64\Debug\translations\qt_hr.qm
C:\Users\user\source\repos\breeze_render_engine\x64\Debug\translations\qtbase_hr.qm
C:\Users\user\source\repos\breeze_render_engine\x64\Debug\translations\qt_hu.qm
C:\Users\user\source\repos\breeze_render_engine\x64\Debug\translations\qtbase_hu.qm
C:\Users\user\source\repos\breeze_render_engine\x64\Debug\translations\qt_it.qm
C:\Users\user\source\repos\breeze_render_engine\x64\Debug\translations\qtbase_it.qm
C:\Users\user\source\repos\breeze_render_engine\x64\Debug\translations\qt_ja.qm
C:\Users\user\source\repos\breeze_render_engine\x64\Debug\translations\qtbase_ja.qm
C:\Users\user\source\repos\breeze_render_engine\x64\Debug\translations\qt_ko.qm
C:\Users\user\source\repos\breeze_render_engine\x64\Debug\translations\qtbase_ko.qm
C:\Users\user\source\repos\breeze_render_engine\x64\Debug\translations\qt_lv.qm
C:\Users\user\source\repos\breeze_render_engine\x64\Debug\translations\qtbase_lv.qm
C:\Users\user\source\repos\breeze_render_engine\x64\Debug\translations\qt_nl.qm
C:\Users\user\source\repos\breeze_render_engine\x64\Debug\translations\qtbase_nl.qm
C:\Users\user\source\repos\breeze_render_engine\x64\Debug\translations\qt_nn.qm
C:\Users\user\source\repos\breeze_render_engine\x64\Debug\translations\qtbase_nn.qm
C:\Users\user\source\repos\breeze_render_engine\x64\Debug\translations\qt_pl.qm
C:\Users\user\source\repos\breeze_render_engine\x64\Debug\translations\qtbase_pl.qm
C:\Users\user\source\repos\breeze_render_engine\x64\Debug\translations\qt_pt_BR.qm
C:\Users\user\source\repos\breeze_render_engine\x64\Debug\translations\qtbase_pt_BR.qm
C:\Users\user\source\repos\breeze_render_engine\x64\Debug\translations\qt_ru.qm
C:\Users\user\source\repos\breeze_render_engine\x64\Debug\translations\qtbase_ru.qm
C:\Users\user\source\repos\breeze_render_engine\x64\Debug\translations\qt_sk.qm
C:\Users\user\source\repos\breeze_render_engine\x64\Debug\translations\qtbase_sk.qm
C:\Users\user\source\repos\breeze_render_engine\x64\Debug\translations\qt_tr.qm
C:\Users\user\source\repos\breeze_render_engine\x64\Debug\translations\qtbase_tr.qm
C:\Users\user\source\repos\breeze_render_engine\x64\Debug\translations\qt_uk.qm
C:\Users\user\source\repos\breeze_render_engine\x64\Debug\translations\qtbase_uk.qm
C:\Users\user\source\repos\breeze_render_engine\x64\Debug\translations\qt_zh_CN.qm
C:\Users\user\source\repos\breeze_render_engine\x64\Debug\translations\qtbase_zh_CN.qm
C:\Users\user\source\repos\breeze_render_engine\x64\Debug\translations\qt_zh_TW.qm
C:\Users\user\source\repos\breeze_render_engine\x64\Debug\translations\qtbase_zh_TW.qm
